This file contains any messages produced by compilers while
running configure, to aid debugging if configure makes a mistake.

It was created by configure, which was
generated by GNU Autoconf 2.57.  Invocation command line was

  $ ./configure 

## --------- ##
## Platform. ##
## --------- ##

hostname = pcp129525pcs.wireless.calpoly.edu
uname -m = x86_64
uname -r = 13.1.0
uname -s = Darwin
uname -v = Darwin Kernel Version 13.1.0: Thu Jan 16 19:40:37 PST 2014; root:xnu-2422.90.20~2/RELEASE_X86_64

/usr/bin/uname -p = i386
/bin/uname -X     = unknown

/bin/arch              = unknown
/usr/bin/arch -k       = unknown
/usr/convex/getsysinfo = unknown
hostinfo               = Mach kernel version:
	 Darwin Kernel Version 13.1.0: Thu Jan 16 19:40:37 PST 2014; root:xnu-2422.90.20~2/RELEASE_X86_64
Kernel configured for up to 4 processors.
2 processors are physically available.
4 processors are logically available.
Processor type: i486 (Intel 80486)
Processors active: 0 1 2 3
Primary memory available: 4.00 gigabytes
Default processor set: 208 tasks, 1071 threads, 4 processors
Load average: 2.04, Mach factor: 1.94
/bin/machine           = unknown
/usr/bin/oslevel       = unknown
/bin/universe          = unknown

PATH: /usr/bin
PATH: /bin
PATH: /usr/sbin
PATH: /sbin
PATH: /usr/local/bin
PATH: /opt/X11/bin
PATH: /usr/local/CrossPack-AVR/bin
PATH: /usr/local/msp430-toolchain/bin


## ----------- ##
## Core tests. ##
## ----------- ##

configure:1503: checking for a BSD-compatible install
configure:1557: result: /usr/bin/install -c
configure:1568: checking whether build environment is sane
configure:1611: result: yes
configure:1636: WARNING: `missing' script is too old or missing
configure:1644: checking for gawk
configure:1673: result: no
configure:1644: checking for mawk
configure:1673: result: no
configure:1644: checking for nawk
configure:1673: result: no
configure:1644: checking for awk
configure:1660: found /usr/bin/awk
configure:1670: result: awk
configure:1680: checking whether make sets $(MAKE)
configure:1700: result: yes
configure:1865: WARNING: GLText autoconf build system is deprecated.
configure:1867: WARNING: Try running 'scons'.
configure:1924: checking for g++
configure:1940: found /usr/bin/g++
configure:1950: result: g++
configure:1966: checking for C++ compiler version
configure:1969: g++ --version </dev/null >&5
Configured with: --prefix=/Applications/Xcode.app/Contents/Developer/usr --with-gxx-include-dir=/Applications/Xcode.app/Contents/Developer/Platforms/MacOSX.platform/Developer/SDKs/MacOSX10.9.sdk/usr/include/c++/4.2.1
Apple LLVM version 5.1 (clang-503.0.40) (based on LLVM 3.4svn)
Target: x86_64-apple-darwin13.1.0
Thread model: posix
configure:1972: $? = 0
configure:1974: g++ -v </dev/null >&5
Configured with: --prefix=/Applications/Xcode.app/Contents/Developer/usr --with-gxx-include-dir=/Applications/Xcode.app/Contents/Developer/Platforms/MacOSX.platform/Developer/SDKs/MacOSX10.9.sdk/usr/include/c++/4.2.1
Apple LLVM version 5.1 (clang-503.0.40) (based on LLVM 3.4svn)
Target: x86_64-apple-darwin13.1.0
Thread model: posix
configure:1977: $? = 0
configure:1979: g++ -V </dev/null >&5
clang: error: argument to '-V' is missing (expected 1 value)
clang: error: no input files
configure:1982: $? = 1
configure:2006: checking for C++ compiler default output
configure:2009: g++    conftest.cc  >&5
configure:2012: $? = 0
configure:2058: result: a.out
configure:2063: checking whether the C++ compiler works
configure:2069: ./a.out
configure:2072: $? = 0
configure:2089: result: yes
configure:2096: checking whether we are cross compiling
configure:2098: result: no
configure:2101: checking for suffix of executables
configure:2103: g++ -o conftest    conftest.cc  >&5
configure:2106: $? = 0
configure:2131: result: 
configure:2137: checking for suffix of object files
configure:2159: g++ -c   conftest.cc >&5
configure:2162: $? = 0
configure:2184: result: o
configure:2188: checking whether we are using the GNU C++ compiler
configure:2213: g++ -c   conftest.cc >&5
configure:2216: $? = 0
configure:2219: test -s conftest.o
configure:2222: $? = 0
configure:2235: result: yes
configure:2241: checking whether g++ accepts -g
configure:2263: g++ -c -g  conftest.cc >&5
configure:2266: $? = 0
configure:2269: test -s conftest.o
configure:2272: $? = 0
configure:2283: result: yes
configure:2327: g++ -c -g -O2  conftest.cc >&5
configure:2330: $? = 0
configure:2333: test -s conftest.o
configure:2336: $? = 0
configure:2363: g++ -c -g -O2  conftest.cc >&5
configure:2360:1: error: use of undeclared identifier 'exit'
exit (42);
^
1 error generated.
configure:2366: $? = 1
configure: failed program was:
| #line 2346 "configure"
| /* confdefs.h.  */
| 
| #define PACKAGE_NAME ""
| #define PACKAGE_TARNAME ""
| #define PACKAGE_VERSION ""
| #define PACKAGE_STRING ""
| #define PACKAGE_BUGREPORT ""
| #define PACKAGE "gltext"
| #define VERSION "0.3.1"
| /* end confdefs.h.  */
| 
| int
| main ()
| {
| exit (42);
|   ;
|   return 0;
| }
configure:2327: g++ -c -g -O2  conftest.cc >&5
configure:2330: $? = 0
configure:2333: test -s conftest.o
configure:2336: $? = 0
configure:2363: g++ -c -g -O2  conftest.cc >&5
configure:2366: $? = 0
configure:2369: test -s conftest.o
configure:2372: $? = 0
configure:2406: checking for style of include used by make
configure:2434: result: GNU
configure:2462: checking dependency style of g++
configure:2530: result: gcc3
configure:2552: checking how to run the C++ preprocessor
configure:2584: g++ -E  conftest.cc
configure:2590: $? = 0
configure:2622: g++ -E  conftest.cc
configure:2626:10: fatal error: 'ac_nonexistent.h' file not found
#include <ac_nonexistent.h>
         ^
1 error generated.
configure:2628: $? = 1
configure: failed program was:
| #line 2613 "configure"
| /* confdefs.h.  */
| 
| #define PACKAGE_NAME ""
| #define PACKAGE_TARNAME ""
| #define PACKAGE_VERSION ""
| #define PACKAGE_STRING ""
| #define PACKAGE_BUGREPORT ""
| #define PACKAGE "gltext"
| #define VERSION "0.3.1"
| #ifdef __cplusplus
| #include <stdlib.h>
| #endif
| /* end confdefs.h.  */
| #include <ac_nonexistent.h>
configure:2666: result: g++ -E
configure:2691: g++ -E  conftest.cc
configure:2697: $? = 0
configure:2729: g++ -E  conftest.cc
configure:2733:10: fatal error: 'ac_nonexistent.h' file not found
#include <ac_nonexistent.h>
         ^
1 error generated.
configure:2735: $? = 1
configure: failed program was:
| #line 2720 "configure"
| /* confdefs.h.  */
| 
| #define PACKAGE_NAME ""
| #define PACKAGE_TARNAME ""
| #define PACKAGE_VERSION ""
| #define PACKAGE_STRING ""
| #define PACKAGE_BUGREPORT ""
| #define PACKAGE "gltext"
| #define VERSION "0.3.1"
| #ifdef __cplusplus
| #include <stdlib.h>
| #endif
| /* end confdefs.h.  */
| #include <ac_nonexistent.h>
configure:2777: checking whether make sets $(MAKE)
configure:2797: result: yes
configure:2878: checking build system type
configure:2896: result: i386-apple-darwin13.1.0
configure:2904: checking host system type
configure:2918: result: i386-apple-darwin13.1.0
configure:2972: checking for gcc
configure:2988: found /usr/bin/gcc
configure:2998: result: gcc
configure:3242: checking for C compiler version
configure:3245: gcc --version </dev/null >&5
Configured with: --prefix=/Applications/Xcode.app/Contents/Developer/usr --with-gxx-include-dir=/Applications/Xcode.app/Contents/Developer/Platforms/MacOSX.platform/Developer/SDKs/MacOSX10.9.sdk/usr/include/c++/4.2.1
Apple LLVM version 5.1 (clang-503.0.40) (based on LLVM 3.4svn)
Target: x86_64-apple-darwin13.1.0
Thread model: posix
configure:3248: $? = 0
configure:3250: gcc -v </dev/null >&5
Configured with: --prefix=/Applications/Xcode.app/Contents/Developer/usr --with-gxx-include-dir=/Applications/Xcode.app/Contents/Developer/Platforms/MacOSX.platform/Developer/SDKs/MacOSX10.9.sdk/usr/include/c++/4.2.1
Apple LLVM version 5.1 (clang-503.0.40) (based on LLVM 3.4svn)
Target: x86_64-apple-darwin13.1.0
Thread model: posix
configure:3253: $? = 0
configure:3255: gcc -V </dev/null >&5
clang: error: argument to '-V' is missing (expected 1 value)
clang: error: no input files
configure:3258: $? = 1
configure:3261: checking whether we are using the GNU C compiler
configure:3286: gcc -c   conftest.c >&5
configure:3289: $? = 0
configure:3292: test -s conftest.o
configure:3295: $? = 0
configure:3308: result: yes
configure:3314: checking whether gcc accepts -g
configure:3336: gcc -c -g  conftest.c >&5
configure:3339: $? = 0
configure:3342: test -s conftest.o
configure:3345: $? = 0
configure:3356: result: yes
configure:3373: checking for gcc option to accept ANSI C
configure:3434: gcc  -c -g -O2  conftest.c >&5
configure:3437: $? = 0
configure:3440: test -s conftest.o
configure:3443: $? = 0
configure:3461: result: none needed
configure:3479: gcc -c -g -O2  conftest.c >&5
conftest.c:2:3: error: unknown type name 'choke'
  choke me
  ^
conftest.c:2:11: error: expected ';' after top level declarator
  choke me
          ^
          ;
2 errors generated.
configure:3482: $? = 1
configure: failed program was:
| #ifndef __cplusplus
|   choke me
| #endif
configure:3593: checking dependency style of gcc
configure:3661: result: gcc3
configure:3700: checking for ld used by GCC
configure:3763: result: /Applications/Xcode.app/Contents/Developer/Toolchains/XcodeDefault.xctoolchain/usr/bin/ld
configure:3772: checking if the linker (/Applications/Xcode.app/Contents/Developer/Toolchains/XcodeDefault.xctoolchain/usr/bin/ld) is GNU ld
configure:3784: result: no
configure:3789: checking for /Applications/Xcode.app/Contents/Developer/Toolchains/XcodeDefault.xctoolchain/usr/bin/ld option to reload object files
configure:3796: result: -r
configure:3801: checking for BSD-compatible nm
configure:3837: result: /usr/bin/nm
configure:3840: checking whether ln -s works
configure:3844: result: yes
configure:3851: checking how to recognise dependant libraries
configure:4029: result: file_magic Mach-O dynamically linked shared library
configure:4042: checking command to parse /usr/bin/nm output
configure:4123: gcc -c -g -O2  conftest.c >&5
configure:4126: $? = 0
configure:4130: /usr/bin/nm conftest.o \| sed -n -e 's/^.*[ 	]\([BCDEGRST][BCDEGRST]*\)[ 	][ 	]*\(\)\([_A-Za-z][_A-Za-z0-9]*\)$/\1 \2\3 \3/p' \> conftest.nm
configure:4133: $? = 0
cannot find nm_test_var in conftest.nm
configure:4123: gcc -c -g -O2  conftest.c >&5
configure:4126: $? = 0
configure:4130: /usr/bin/nm conftest.o \| sed -n -e 's/^.*[ 	]\([BCDEGRST][BCDEGRST]*\)[ 	][ 	]*\(_\)\([_A-Za-z][_A-Za-z0-9]*\)$/\1 \2\3 \3/p' \> conftest.nm
configure:4133: $? = 0
configure:4185: gcc -o conftest -g -O2   conftest.c conftstm.o >&5
configure:4188: $? = 0
configure:4232: result: ok
configure:4241: checking how to run the C preprocessor
configure:4277: gcc -E  conftest.c
configure:4283: $? = 0
configure:4315: gcc -E  conftest.c
configure:4319:10: fatal error: 'ac_nonexistent.h' file not found
#include <ac_nonexistent.h>
         ^
1 error generated.
configure:4321: $? = 1
configure: failed program was:
| #line 4306 "configure"
| /* confdefs.h.  */
| 
| #define PACKAGE_NAME ""
| #define PACKAGE_TARNAME ""
| #define PACKAGE_VERSION ""
| #define PACKAGE_STRING ""
| #define PACKAGE_BUGREPORT ""
| #define PACKAGE "gltext"
| #define VERSION "0.3.1"
| #ifdef __cplusplus
| #include <stdlib.h>
| #endif
| /* end confdefs.h.  */
| #include <ac_nonexistent.h>
configure:4359: result: gcc -E
configure:4384: gcc -E  conftest.c
configure:4390: $? = 0
configure:4422: gcc -E  conftest.c
configure:4426:10: fatal error: 'ac_nonexistent.h' file not found
#include <ac_nonexistent.h>
         ^
1 error generated.
configure:4428: $? = 1
configure: failed program was:
| #line 4413 "configure"
| /* confdefs.h.  */
| 
| #define PACKAGE_NAME ""
| #define PACKAGE_TARNAME ""
| #define PACKAGE_VERSION ""
| #define PACKAGE_STRING ""
| #define PACKAGE_BUGREPORT ""
| #define PACKAGE "gltext"
| #define VERSION "0.3.1"
| #ifdef __cplusplus
| #include <stdlib.h>
| #endif
| /* end confdefs.h.  */
| #include <ac_nonexistent.h>
configure:4471: checking for egrep
configure:4481: result: grep -E
configure:4486: checking for ANSI C header files
configure:4512: gcc -c -g -O2  conftest.c >&5
configure:4515: $? = 0
configure:4518: test -s conftest.o
configure:4521: $? = 0
configure:4613: gcc -o conftest -g -O2   conftest.c  >&5
configure:4611:7: warning: implicitly declaring library function 'exit' with type 'void (int) __attribute__((noreturn))'
      exit(2);
      ^
configure:4611:7: note: please include the header <stdlib.h> or explicitly provide a declaration for 'exit'
1 warning generated.
configure:4616: $? = 0
configure:4618: ./conftest
configure:4621: $? = 0
configure:4636: result: yes
configure:4660: checking for sys/types.h
configure:4677: gcc -c -g -O2  conftest.c >&5
configure:4680: $? = 0
configure:4683: test -s conftest.o
configure:4686: $? = 0
configure:4697: result: yes
configure:4660: checking for sys/stat.h
configure:4677: gcc -c -g -O2  conftest.c >&5
configure:4680: $? = 0
configure:4683: test -s conftest.o
configure:4686: $? = 0
configure:4697: result: yes
configure:4660: checking for stdlib.h
configure:4677: gcc -c -g -O2  conftest.c >&5
configure:4680: $? = 0
configure:4683: test -s conftest.o
configure:4686: $? = 0
configure:4697: result: yes
configure:4660: checking for string.h
configure:4677: gcc -c -g -O2  conftest.c >&5
configure:4680: $? = 0
configure:4683: test -s conftest.o
configure:4686: $? = 0
configure:4697: result: yes
configure:4660: checking for memory.h
configure:4677: gcc -c -g -O2  conftest.c >&5
configure:4680: $? = 0
configure:4683: test -s conftest.o
configure:4686: $? = 0
configure:4697: result: yes
configure:4660: checking for strings.h
configure:4677: gcc -c -g -O2  conftest.c >&5
configure:4680: $? = 0
configure:4683: test -s conftest.o
configure:4686: $? = 0
configure:4697: result: yes
configure:4660: checking for inttypes.h
configure:4677: gcc -c -g -O2  conftest.c >&5
configure:4680: $? = 0
configure:4683: test -s conftest.o
configure:4686: $? = 0
configure:4697: result: yes
configure:4660: checking for stdint.h
configure:4677: gcc -c -g -O2  conftest.c >&5
configure:4680: $? = 0
configure:4683: test -s conftest.o
configure:4686: $? = 0
configure:4697: result: yes
configure:4660: checking for unistd.h
configure:4677: gcc -c -g -O2  conftest.c >&5
configure:4680: $? = 0
configure:4683: test -s conftest.o
configure:4686: $? = 0
configure:4697: result: yes
configure:4723: checking dlfcn.h usability
configure:4736: gcc -c -g -O2  conftest.c >&5
configure:4739: $? = 0
configure:4742: test -s conftest.o
configure:4745: $? = 0
configure:4755: result: yes
configure:4759: checking dlfcn.h presence
configure:4770: gcc -E  conftest.c
configure:4776: $? = 0
configure:4795: result: yes
configure:4831: checking for dlfcn.h
configure:4838: result: yes
configure:5035: checking for ranlib
configure:5051: found /usr/bin/ranlib
configure:5062: result: ranlib
configure:5115: checking for strip
configure:5131: found /usr/bin/strip
configure:5142: result: strip
configure:5352: checking for objdir
configure:5363: result: .libs
configure:5380: checking for gcc option to produce PIC
configure:5530: result: -fno-common
configure:5534: checking if gcc PIC flag -fno-common works
configure:5558: gcc -c -g -O2 -fno-common -DPIC  conftest.c >&5
configure:5561: $? = 0
configure:5564: test -s conftest.o
configure:5567: $? = 0
configure:5605: result: yes
configure:5621: checking if gcc static flag -static works
configure:5646: gcc -o conftest -g -O2   -static conftest.c  >&5
ld: library not found for -lcrt0.o
clang: error: linker command failed with exit code 1 (use -v to see invocation)
configure:5649: $? = 1
configure: failed program was:
| #line 5629 "configure"
| /* confdefs.h.  */
| 
| #define PACKAGE_NAME ""
| #define PACKAGE_TARNAME ""
| #define PACKAGE_VERSION ""
| #define PACKAGE_STRING ""
| #define PACKAGE_BUGREPORT ""
| #define PACKAGE "gltext"
| #define VERSION "0.3.1"
| #ifdef __cplusplus
| #include <stdlib.h>
| #endif
| #define STDC_HEADERS 1
| #define HAVE_SYS_TYPES_H 1
| #define HAVE_SYS_STAT_H 1
| #define HAVE_STDLIB_H 1
| #define HAVE_STRING_H 1
| #define HAVE_MEMORY_H 1
| #define HAVE_STRINGS_H 1
| #define HAVE_INTTYPES_H 1
| #define HAVE_STDINT_H 1
| #define HAVE_UNISTD_H 1
| #define HAVE_DLFCN_H 1
| /* end confdefs.h.  */
| 
| int
| main ()
| {
| 
|   ;
|   return 0;
| }
configure:5671: result: no
configure:5683: checking if gcc supports -c -o file.o
configure:5703: gcc -c -g -O2 -o out/conftest2.o  conftest.c >&5
configure:5727: result: yes
configure:5732: checking if gcc supports -c -o file.lo
configure:5760: gcc -c -g -O2 -c -o conftest.lo  conftest.c >&5
configure:5763: $? = 0
configure:5766: test -s conftest.lo
configure:5769: $? = 0
configure:5791: result: yes
configure:5822: checking if gcc supports -fno-rtti -fno-exceptions
configure:5845: gcc -c -g -O2 -fno-rtti -fno-exceptions -c conftest.c  conftest.c >&5
configure:5848: $? = 0
configure:5851: test -s conftest.o
configure:5854: $? = 0
configure:5871: result: yes
configure:5882: checking whether the linker (/Applications/Xcode.app/Contents/Developer/Toolchains/XcodeDefault.xctoolchain/usr/bin/ld) supports shared libraries
configure:6562: result: yes
configure:6567: checking how to hardcode library paths into programs
configure:6591: result: unsupported
configure:6596: checking whether stripping libraries is possible
configure:6604: result: no
configure:6612: checking dynamic linker characteristics
configure:7005: result: darwin13.1.0 dyld
configure:7010: checking if libtool supports shared libraries
configure:7012: result: yes
configure:7015: checking whether to build shared libraries
configure:7036: result: yes
configure:7039: checking whether to build static libraries
configure:7043: result: yes
configure:8336: checking for X
configure:8442: gcc -E  conftest.c
configure:8457:10: fatal error: 'X11/Intrinsic.h' file not found
#include <X11/Intrinsic.h>
         ^
1 error generated.
configure:8448: $? = 1
configure: failed program was:
| #line 8433 "configure"
| /* confdefs.h.  */
| 
| #define PACKAGE_NAME ""
| #define PACKAGE_TARNAME ""
| #define PACKAGE_VERSION ""
| #define PACKAGE_STRING ""
| #define PACKAGE_BUGREPORT ""
| #define PACKAGE "gltext"
| #define VERSION "0.3.1"
| #ifdef __cplusplus
| #include <stdlib.h>
| #endif
| #define STDC_HEADERS 1
| #define HAVE_SYS_TYPES_H 1
| #define HAVE_SYS_STAT_H 1
| #define HAVE_STDLIB_H 1
| #define HAVE_STRING_H 1
| #define HAVE_MEMORY_H 1
| #define HAVE_STRINGS_H 1
| #define HAVE_INTTYPES_H 1
| #define HAVE_STDINT_H 1
| #define HAVE_UNISTD_H 1
| #define HAVE_DLFCN_H 1
| /* end confdefs.h.  */
| #include <X11/Intrinsic.h>
configure:8498: gcc -o conftest -g -O2 -Wall -Wno-non-virtual-dtor   conftest.c -lXt  >&5
configure:8505:10: fatal error: 'X11/Intrinsic.h' file not found
#include <X11/Intrinsic.h>
         ^
1 error generated.
configure:8501: $? = 1
configure: failed program was:
| #line 8481 "configure"
| /* confdefs.h.  */
| 
| #define PACKAGE_NAME ""
| #define PACKAGE_TARNAME ""
| #define PACKAGE_VERSION ""
| #define PACKAGE_STRING ""
| #define PACKAGE_BUGREPORT ""
| #define PACKAGE "gltext"
| #define VERSION "0.3.1"
| #ifdef __cplusplus
| #include <stdlib.h>
| #endif
| #define STDC_HEADERS 1
| #define HAVE_SYS_TYPES_H 1
| #define HAVE_SYS_STAT_H 1
| #define HAVE_STDLIB_H 1
| #define HAVE_STRING_H 1
| #define HAVE_MEMORY_H 1
| #define HAVE_STRINGS_H 1
| #define HAVE_INTTYPES_H 1
| #define HAVE_STDINT_H 1
| #define HAVE_UNISTD_H 1
| #define HAVE_DLFCN_H 1
| /* end confdefs.h.  */
| #include <X11/Intrinsic.h>
| int
| main ()
| {
| XtMalloc (0)
|   ;
|   return 0;
| }
configure:8546: result: no
configure:8569: checking for freetype-config
configure:8588: found /opt/X11/bin/freetype-config
configure:8601: result: /opt/X11/bin/freetype-config
configure:8621: checking glutMainLoop in -lglut32
configure:8644: gcc -o conftest -g -O2 -Wall -Wno-non-virtual-dtor    conftest.c -lglut32 -lopengl32 -lglu32 -L/opt/X11/lib -lfreetype -lz -lbz2  >&5
configure:8649:10: fatal error: 'GL/glut.h' file not found
#include <GL/glut.h>
         ^
1 error generated.
configure:8647: $? = 1
configure: failed program was:
| #line 8625 "configure"
| /* confdefs.h.  */
| 
| #define PACKAGE_NAME ""
| #define PACKAGE_TARNAME ""
| #define PACKAGE_VERSION ""
| #define PACKAGE_STRING ""
| #define PACKAGE_BUGREPORT ""
| #define PACKAGE "gltext"
| #define VERSION "0.3.1"
| #ifdef __cplusplus
| #include <stdlib.h>
| #endif
| #define STDC_HEADERS 1
| #define HAVE_SYS_TYPES_H 1
| #define HAVE_SYS_STAT_H 1
| #define HAVE_STDLIB_H 1
| #define HAVE_STRING_H 1
| #define HAVE_MEMORY_H 1
| #define HAVE_STRINGS_H 1
| #define HAVE_INTTYPES_H 1
| #define HAVE_STDINT_H 1
| #define HAVE_UNISTD_H 1
| #define HAVE_DLFCN_H 1
| /* end confdefs.h.  */
| #include <GL/glut.h>
| 
| int
| main ()
| {
| glutMainLoop();
| 
|   ;
|   return 0;
| }
configure:8664: result: no
configure:8673: checking glutMainLoop in -lglut
configure:8696: gcc -o conftest -g -O2 -Wall -Wno-non-virtual-dtor    conftest.c -lglut -lGL -lGLU -lX11 -lXmu -L/opt/X11/lib -lfreetype -lz -lbz2  >&5
configure:8701:10: fatal error: 'GL/glut.h' file not found
#include <GL/glut.h>
         ^
1 error generated.
configure:8699: $? = 1
configure: failed program was:
| #line 8677 "configure"
| /* confdefs.h.  */
| 
| #define PACKAGE_NAME ""
| #define PACKAGE_TARNAME ""
| #define PACKAGE_VERSION ""
| #define PACKAGE_STRING ""
| #define PACKAGE_BUGREPORT ""
| #define PACKAGE "gltext"
| #define VERSION "0.3.1"
| #ifdef __cplusplus
| #include <stdlib.h>
| #endif
| #define STDC_HEADERS 1
| #define HAVE_SYS_TYPES_H 1
| #define HAVE_SYS_STAT_H 1
| #define HAVE_STDLIB_H 1
| #define HAVE_STRING_H 1
| #define HAVE_MEMORY_H 1
| #define HAVE_STRINGS_H 1
| #define HAVE_INTTYPES_H 1
| #define HAVE_STDINT_H 1
| #define HAVE_UNISTD_H 1
| #define HAVE_DLFCN_H 1
| /* end confdefs.h.  */
| #include <GL/glut.h>
| 
| int
| main ()
| {
| glutMainLoop();
| 
|   ;
|   return 0;
| }
configure:8716: result: no
configure:8724: WARNING: GLUT not found...  not building examples
configure:8740: checking for ANSI C header files
configure:8890: result: yes
configure:9061: creating ./config.status

## ---------------------- ##
## Running config.status. ##
## ---------------------- ##

This file was extended by config.status, which was
generated by GNU Autoconf 2.57.  Invocation command line was

  CONFIG_FILES    = 
  CONFIG_HEADERS  = 
  CONFIG_LINKS    = 
  CONFIG_COMMANDS = 
  $ ./config.status 

on pcp129525pcs.wireless.calpoly.edu

config.status:674: creating Makefile
config.status:674: creating doc/Makefile
config.status:674: creating src/Makefile
config.status:674: creating examples/Makefile
config.status:674: creating examples/alpha/Makefile
config.status:674: creating examples/fps/Makefile
config.status:674: creating examples/simple/Makefile
config.status:674: creating examples/sizes/Makefile
config.status:799: executing depfiles commands

## ---------------- ##
## Cache variables. ##
## ---------------- ##

ac_cv_build=i386-apple-darwin13.1.0
ac_cv_build_alias=i386-apple-darwin13.1.0
ac_cv_c_compiler_gnu=yes
ac_cv_cxx_compiler_gnu=yes
ac_cv_env_CC_set=
ac_cv_env_CC_value=
ac_cv_env_CFLAGS_set=
ac_cv_env_CFLAGS_value=
ac_cv_env_CPPFLAGS_set=
ac_cv_env_CPPFLAGS_value=
ac_cv_env_CPP_set=
ac_cv_env_CPP_value=
ac_cv_env_CXXCPP_set=
ac_cv_env_CXXCPP_value=
ac_cv_env_CXXFLAGS_set=
ac_cv_env_CXXFLAGS_value=
ac_cv_env_CXX_set=
ac_cv_env_CXX_value=
ac_cv_env_LDFLAGS_set=
ac_cv_env_LDFLAGS_value=
ac_cv_env_build_alias_set=
ac_cv_env_build_alias_value=
ac_cv_env_host_alias_set=
ac_cv_env_host_alias_value=
ac_cv_env_target_alias_set=
ac_cv_env_target_alias_value=
ac_cv_exeext=
ac_cv_have_x=have_x=no
ac_cv_header_dlfcn_h=yes
ac_cv_header_inttypes_h=yes
ac_cv_header_memory_h=yes
ac_cv_header_stdc=yes
ac_cv_header_stdint_h=yes
ac_cv_header_stdlib_h=yes
ac_cv_header_string_h=yes
ac_cv_header_strings_h=yes
ac_cv_header_sys_stat_h=yes
ac_cv_header_sys_types_h=yes
ac_cv_header_unistd_h=yes
ac_cv_host=i386-apple-darwin13.1.0
ac_cv_host_alias=i386-apple-darwin13.1.0
ac_cv_objext=o
ac_cv_path_FT_CONFIG=/opt/X11/bin/freetype-config
ac_cv_path_install='/usr/bin/install -c'
ac_cv_prog_AWK=awk
ac_cv_prog_CPP='gcc -E'
ac_cv_prog_CXXCPP='g++ -E'
ac_cv_prog_ac_ct_CC=gcc
ac_cv_prog_ac_ct_CXX=g++
ac_cv_prog_ac_ct_RANLIB=ranlib
ac_cv_prog_ac_ct_STRIP=strip
ac_cv_prog_cc_g=yes
ac_cv_prog_cc_stdc=
ac_cv_prog_cxx_g=yes
ac_cv_prog_egrep='grep -E'
ac_cv_prog_make_make_set=yes
am_cv_CC_dependencies_compiler_type=gcc3
am_cv_CXX_dependencies_compiler_type=gcc3
lt_cv_compiler_c_o=yes
lt_cv_compiler_o_lo=yes
lt_cv_deplibs_check_method='file_magic Mach-O dynamically linked shared library'
lt_cv_file_magic_cmd='/usr/bin/file -L'
lt_cv_file_magic_test_file=/usr/lib/libSystem.dylib
lt_cv_global_symbol_to_c_name_address='sed -n -e '\''s/^: \([^ ]*\) $/  {\"\1\", (lt_ptr) 0},/p'\'' -e '\''s/^[BCDEGRST] \([^ ]*\) \([^ ]*\)$/  {"\2", (lt_ptr) \&\2},/p'\'''
lt_cv_global_symbol_to_cdecl='sed -n -e '\''s/^. .* \(.*\)$/extern char \1;/p'\'''
lt_cv_ld_reload_flag=-r
lt_cv_path_LD=/Applications/Xcode.app/Contents/Developer/Toolchains/XcodeDefault.xctoolchain/usr/bin/ld
lt_cv_path_NM=/usr/bin/nm
lt_cv_prog_cc_can_build_shared=yes
lt_cv_prog_cc_no_builtin=
lt_cv_prog_cc_pic=' -fno-common'
lt_cv_prog_cc_pic_works=yes
lt_cv_prog_cc_shlib=
lt_cv_prog_cc_static=
lt_cv_prog_cc_static_works=no
lt_cv_prog_cc_wl=-Wl,
lt_cv_prog_gnu_ld=no
lt_cv_sys_global_symbol_pipe='sed -n -e '\''s/^.*[ 	]\([BCDEGRST][BCDEGRST]*\)[ 	][ 	]*\(_\)\([_A-Za-z][_A-Za-z0-9]*\)$/\1 \2\3 \3/p'\'''

## ----------------- ##
## Output variables. ##
## ----------------- ##

ACLOCAL='aclocal-1.7'
AMDEPBACKSLASH='\'
AMDEP_FALSE='#'
AMDEP_TRUE=''
AMTAR='tar'
AUTOCONF='autoconf'
AUTOHEADER='autoheader'
AUTOMAKE='automake-1.7'
AWK='awk'
BUILD_EXAMPLES_FALSE=''
BUILD_EXAMPLES_TRUE='#'
CC='gcc'
CCDEPMODE='depmode=gcc3'
CFLAGS='-g -O2 -Wall -Wno-non-virtual-dtor'
CPP='gcc -E'
CPPFLAGS=''
CXX='g++'
CXXCPP='g++ -E'
CXXDEPMODE='depmode=gcc3'
CXXFLAGS='-I/opt/X11/include/freetype2 -I/opt/X11/include -g -O2 -Wall -Wno-non-virtual-dtor -I/opt/X11/include/freetype2 -I/opt/X11/include'
CYGPATH_W='echo'
DEFS='-DPACKAGE_NAME=\"\" -DPACKAGE_TARNAME=\"\" -DPACKAGE_VERSION=\"\" -DPACKAGE_STRING=\"\" -DPACKAGE_BUGREPORT=\"\" -DPACKAGE=\"gltext\" -DVERSION=\"0.3.1\" -DSTDC_HEADERS=1 -DHAVE_SYS_TYPES_H=1 -DHAVE_SYS_STAT_H=1 -DHAVE_STDLIB_H=1 -DHAVE_STRING_H=1 -DHAVE_MEMORY_H=1 -DHAVE_STRINGS_H=1 -DHAVE_INTTYPES_H=1 -DHAVE_STDINT_H=1 -DHAVE_UNISTD_H=1 -DHAVE_DLFCN_H=1 -DSTDC_HEADERS=1 '
DEPDIR='.deps'
ECHO='/bin/echo'
ECHO_C='ECHO_N=''
ECHO_T=''
EGREP='grep -E'
EXEEXT=''
FT_CONFIG='/opt/X11/bin/freetype-config'
INSTALL_DATA='${INSTALL} -m 644'
INSTALL_PROGRAM='${INSTALL}'
INSTALL_SCRIPT='${INSTALL}'
INSTALL_STRIP_PROGRAM='${SHELL} $(install_sh) -c -s'
LDFLAGS=' '
LIBOBJS=''
LIBS='-L/opt/X11/lib -lfreetype -lz -lbz2 '
LIBTOOL='$(SHELL) $(top_builddir)/libtool'
LN_S='ln -s'
LTLIBOBJS=''
MAKEINFO='makeinfo'
OBJEXT='o'
PACKAGE='gltext'
PACKAGE_BUGREPORT=''
PACKAGE_NAME=''
PACKAGE_STRING=''
PACKAGE_TARNAME=''
PACKAGE_VERSION=''
PATH_SEPARATOR=':'
RANLIB='ranlib'
SET_MAKE=''
SHELL='/bin/sh'
STRIP='strip'
VERSION='0.3.1'
ac_ct_CC='gcc'
ac_ct_CXX='g++'
ac_ct_RANLIB='ranlib'
ac_ct_STRIP='strip'
am__fastdepCC_FALSE='#'
am__fastdepCC_TRUE=''
am__fastdepCXX_FALSE='#'
am__fastdepCXX_TRUE=''
am__include='include'
am__leading_dot='.'
am__quote=''
bindir='${exec_prefix}/bin'
build='i386-apple-darwin13.1.0'
build_alias=''
build_cpu='i386'
build_os='darwin13.1.0'
build_vendor='apple'
datadir='${prefix}/share'
exec_prefix='${prefix}'
host='i386-apple-darwin13.1.0'
host_alias=''
host_cpu='i386'
host_os='darwin13.1.0'
host_vendor='apple'
includedir='${prefix}/include'
infodir='${prefix}/info'
install_sh='/Users/twoods0129/Documents/SkyDrive/2014 Spring Quarter/CPE 476/476_Lab1/476_Lab1/gltext-0.3.1/config/install-sh'
libdir='${exec_prefix}/lib'
libexecdir='${exec_prefix}/libexec'
localstatedir='${prefix}/var'
mandir='${prefix}/man'
oldincludedir='/usr/include'
prefix='/usr/local'
program_transform_name='s,x,x,'
sbindir='${exec_prefix}/sbin'
sharedstatedir='${prefix}/com'
sysconfdir='${prefix}/etc'
target_alias=''

## ----------- ##
## confdefs.h. ##
## ----------- ##

#define HAVE_DLFCN_H 1
#define HAVE_INTTYPES_H 1
#define HAVE_MEMORY_H 1
#define HAVE_STDINT_H 1
#define HAVE_STDLIB_H 1
#define HAVE_STRINGS_H 1
#define HAVE_STRING_H 1
#define HAVE_SYS_STAT_H 1
#define HAVE_SYS_TYPES_H 1
#define HAVE_UNISTD_H 1
#define PACKAGE "gltext"
#define PACKAGE_BUGREPORT ""
#define PACKAGE_NAME ""
#define PACKAGE_STRING ""
#define PACKAGE_TARNAME ""
#define PACKAGE_VERSION ""
#define STDC_HEADERS 1
#define STDC_HEADERS 1
#define VERSION "0.3.1"
#endif
#ifdef __cplusplus
#include <stdlib.h>

configure: exit 0
